18 com.sl.db.DBContextServletListener contextInitialized 22:22:42,531 DEBUG DBContextServletListener:18 - ***************************************
19 com.sl.db.DBContextServletListener contextInitialized 22:22:42,541 DEBUG DBContextServletListener:19 - The context ROOT DBContextServletListener has been created now
19 com.sl.db.DataReadAction setSchema 22:23:24,586 DEBUG DataReadAction:19 - setSchema:public
30 com.sl.db.DataReadAction setEntityName 22:23:24,589 DEBUG DataReadAction:30 - setEntityName:Welcome
30 com.sl.db.DataReadAction setEntityName 22:23:24,606 DEBUG DataReadAction:30 - setEntityName:Welcome
19 com.sl.db.DataReadAction setSchema 22:23:24,607 DEBUG DataReadAction:19 - setSchema:public
18 com.sl.db.CachingHeadersInterceptor intercept 22:23:24,672 DEBUG CachingHeadersInterceptor:18 - CachingHeadersInterceptor intercept invocation called
22 com.sl.db.CachingHeadersInterceptor intercept 22:23:24,673 DEBUG CachingHeadersInterceptor:22 - Request getRequestURI:/db/public/Welcome
23 com.sl.db.CachingHeadersInterceptor intercept 22:23:24,675 DEBUG CachingHeadersInterceptor:23 - getContextPath():/db
24 com.sl.db.CachingHeadersInterceptor intercept 22:23:24,676 DEBUG CachingHeadersInterceptor:24 - getQueryString():null
25 com.sl.db.CachingHeadersInterceptor intercept 22:23:24,682 DEBUG CachingHeadersInterceptor:25 - getRequestURL:http://localhost:8080/db/public/Welcome
26 com.sl.db.CachingHeadersInterceptor intercept 22:23:24,683 DEBUG CachingHeadersInterceptor:26 - getPathInfo:null
27 com.sl.db.CachingHeadersInterceptor intercept 22:23:24,684 DEBUG CachingHeadersInterceptor:27 - getServletPath:/public/Welcome
28 com.sl.db.CachingHeadersInterceptor intercept 22:23:24,687 DEBUG CachingHeadersInterceptor:28 - getCharacterEncoding:UTF-8
29 com.sl.db.CachingHeadersInterceptor intercept 22:23:24,688 DEBUG CachingHeadersInterceptor:29 - User-Agent:Mozilla/5.0 (Windows NT 10.0; WOW64; rv:48.0) Gecko/20100101 Firefox/48.0
30 com.sl.db.CachingHeadersInterceptor intercept 22:23:24,691 DEBUG CachingHeadersInterceptor:30 - Accept:text/html,application/xhtml+xml,application/xml;q=0.9,*/*;q=0.8
36 com.sl.db.CachingHeadersInterceptor intercept 22:23:24,698 DEBUG CachingHeadersInterceptor:36 - remove caches
57 com.sl.db.DataReadAction execute 22:23:24,700 DEBUG DataReadAction:57 - called DataReadAction
60 com.sl.db.DataReadAction execute 22:23:24,701 DEBUG DataReadAction:60 - schema:public
61 com.sl.db.DataReadAction execute 22:23:24,703 DEBUG DataReadAction:61 - Entity:Welcome
62 com.sl.db.DataReadAction execute 22:23:24,704 DEBUG DataReadAction:62 - id:0
741 com.sl.db.DataDAO getByEntityNameID 22:23:24,712 DEBUG DataDAO:741 - retrieve entity values for:Welcome
30 com.sl.db.Database getConnection 22:23:24,720 DEBUG Database:30 - getConnection called
66 com.sl.db.DataReadAction execute 22:23:25,363 ERROR DataReadAction:66 - java.sql.SQLException: Access denied for user 'mendozra_admin'@'localhost' (using password: YES)
29 com.sl.db.DBContextServletListener contextDestroyed 22:24:14,325 DEBUG DBContextServletListener:29 - the context DBContextServletListener has been destroyed
30 com.sl.db.DBContextServletListener contextDestroyed 22:24:14,326 DEBUG DBContextServletListener:30 - Database is been shutdown
18 com.sl.db.DBContextServletListener contextInitialized 22:24:26,780 DEBUG DBContextServletListener:18 - ***************************************
19 com.sl.db.DBContextServletListener contextInitialized 22:24:26,785 DEBUG DBContextServletListener:19 - The context ROOT DBContextServletListener has been created now
18 com.sl.db.CachingHeadersInterceptor intercept 22:24:29,529 DEBUG CachingHeadersInterceptor:18 - CachingHeadersInterceptor intercept invocation called
22 com.sl.db.CachingHeadersInterceptor intercept 22:24:29,531 DEBUG CachingHeadersInterceptor:22 - Request getRequestURI:/db/public/Welcome
23 com.sl.db.CachingHeadersInterceptor intercept 22:24:29,533 DEBUG CachingHeadersInterceptor:23 - getContextPath():/db
24 com.sl.db.CachingHeadersInterceptor intercept 22:24:29,534 DEBUG CachingHeadersInterceptor:24 - getQueryString():null
25 com.sl.db.CachingHeadersInterceptor intercept 22:24:29,536 DEBUG CachingHeadersInterceptor:25 - getRequestURL:http://localhost:8080/db/public/Welcome
26 com.sl.db.CachingHeadersInterceptor intercept 22:24:29,538 DEBUG CachingHeadersInterceptor:26 - getPathInfo:null
27 com.sl.db.CachingHeadersInterceptor intercept 22:24:29,539 DEBUG CachingHeadersInterceptor:27 - getServletPath:/public/Welcome
28 com.sl.db.CachingHeadersInterceptor intercept 22:24:29,542 DEBUG CachingHeadersInterceptor:28 - getCharacterEncoding:UTF-8
29 com.sl.db.CachingHeadersInterceptor intercept 22:24:29,545 DEBUG CachingHeadersInterceptor:29 - User-Agent:Mozilla/5.0 (Windows NT 10.0; WOW64; rv:48.0) Gecko/20100101 Firefox/48.0
30 com.sl.db.CachingHeadersInterceptor intercept 22:24:29,546 DEBUG CachingHeadersInterceptor:30 - Accept:text/html,application/xhtml+xml,application/xml;q=0.9,*/*;q=0.8
36 com.sl.db.CachingHeadersInterceptor intercept 22:24:29,548 DEBUG CachingHeadersInterceptor:36 - remove caches
18 com.sl.db.CachingHeadersInterceptor intercept 22:28:28,132 DEBUG CachingHeadersInterceptor:18 - CachingHeadersInterceptor intercept invocation called
22 com.sl.db.CachingHeadersInterceptor intercept 22:28:28,135 DEBUG CachingHeadersInterceptor:22 - Request getRequestURI:/db/public/Welcome
23 com.sl.db.CachingHeadersInterceptor intercept 22:28:28,138 DEBUG CachingHeadersInterceptor:23 - getContextPath():/db
24 com.sl.db.CachingHeadersInterceptor intercept 22:28:28,143 DEBUG CachingHeadersInterceptor:24 - getQueryString():null
25 com.sl.db.CachingHeadersInterceptor intercept 22:28:28,146 DEBUG CachingHeadersInterceptor:25 - getRequestURL:http://localhost:8080/db/public/Welcome
26 com.sl.db.CachingHeadersInterceptor intercept 22:28:28,148 DEBUG CachingHeadersInterceptor:26 - getPathInfo:null
27 com.sl.db.CachingHeadersInterceptor intercept 22:28:28,150 DEBUG CachingHeadersInterceptor:27 - getServletPath:/public/Welcome
28 com.sl.db.CachingHeadersInterceptor intercept 22:28:28,156 DEBUG CachingHeadersInterceptor:28 - getCharacterEncoding:UTF-8
29 com.sl.db.CachingHeadersInterceptor intercept 22:28:28,158 DEBUG CachingHeadersInterceptor:29 - User-Agent:Mozilla/5.0 (Windows NT 10.0; WOW64; rv:48.0) Gecko/20100101 Firefox/48.0
30 com.sl.db.CachingHeadersInterceptor intercept 22:28:28,165 DEBUG CachingHeadersInterceptor:30 - Accept:text/html,application/xhtml+xml,application/xml;q=0.9,*/*;q=0.8
36 com.sl.db.CachingHeadersInterceptor intercept 22:28:28,168 DEBUG CachingHeadersInterceptor:36 - remove caches
18 com.sl.db.CachingHeadersInterceptor intercept 22:29:33,863 DEBUG CachingHeadersInterceptor:18 - CachingHeadersInterceptor intercept invocation called
22 com.sl.db.CachingHeadersInterceptor intercept 22:29:33,867 DEBUG CachingHeadersInterceptor:22 - Request getRequestURI:/db/public/Welcome
23 com.sl.db.CachingHeadersInterceptor intercept 22:29:33,869 DEBUG CachingHeadersInterceptor:23 - getContextPath():/db
24 com.sl.db.CachingHeadersInterceptor intercept 22:29:33,881 DEBUG CachingHeadersInterceptor:24 - getQueryString():null
25 com.sl.db.CachingHeadersInterceptor intercept 22:29:33,883 DEBUG CachingHeadersInterceptor:25 - getRequestURL:http://localhost:8080/db/public/Welcome
26 com.sl.db.CachingHeadersInterceptor intercept 22:29:33,885 DEBUG CachingHeadersInterceptor:26 - getPathInfo:null
27 com.sl.db.CachingHeadersInterceptor intercept 22:29:33,887 DEBUG CachingHeadersInterceptor:27 - getServletPath:/public/Welcome
28 com.sl.db.CachingHeadersInterceptor intercept 22:29:33,893 DEBUG CachingHeadersInterceptor:28 - getCharacterEncoding:UTF-8
29 com.sl.db.CachingHeadersInterceptor intercept 22:29:33,895 DEBUG CachingHeadersInterceptor:29 - User-Agent:Mozilla/5.0 (Windows NT 10.0; WOW64; rv:48.0) Gecko/20100101 Firefox/48.0
30 com.sl.db.CachingHeadersInterceptor intercept 22:29:33,898 DEBUG CachingHeadersInterceptor:30 - Accept:text/html,application/xhtml+xml,application/xml;q=0.9,*/*;q=0.8
36 com.sl.db.CachingHeadersInterceptor intercept 22:29:33,901 DEBUG CachingHeadersInterceptor:36 - remove caches
29 com.sl.db.DBContextServletListener contextDestroyed 22:29:56,256 DEBUG DBContextServletListener:29 - the context DBContextServletListener has been destroyed
30 com.sl.db.DBContextServletListener contextDestroyed 22:29:56,257 DEBUG DBContextServletListener:30 - Database is been shutdown
